c:\users\mysla\source\repos\it\it\x64\debug\vc143.pdb
c:\users\mysla\source\repos\it\it\x64\debug\vc143.idb
c:\users\mysla\source\repos\it\it\x64\debug\player.obj
c:\users\mysla\source\repos\it\it\x64\debug\platform.obj
c:\users\mysla\source\repos\it\it\x64\debug\it.obj
c:\users\mysla\source\repos\it\it\x64\debug\game.obj
d:\repos\comp703\comp703fn246368\it\it\x64\debug\vc143.pdb
d:\repos\comp703\comp703fn246368\it\it\x64\debug\vc143.idb
d:\repos\comp703\comp703fn246368\it\it\x64\debug\main.obj
d:\repos\comp703\comp703fn246368\it\it\x64\debug\demaketetris.obj
d:\repos\comp703\comp703fn246368\it\it\x64\debug\it.obj
c:\users\mysla\source\repos\it\x64\debug\it.exe
c:\users\mysla\source\repos\it\it\x64\debug\it.ilk
c:\users\mysla\source\repos\it\x64\debug\it.pdb
d:\repos\comp703\comp703fn246368\it\it\x64\debug\game.obj
d:\repos\comp703\comp703fn246368\it\it\x64\debug\platform.obj
d:\repos\comp703\comp703fn246368\it\it\x64\debug\player.obj
d:\repos\comp703\comp703fn246368\it\x64\debug\it.pdb
d:\repos\comp703\comp703fn246368\it\it\x64\debug\it.tlog\cl.command.1.tlog
d:\repos\comp703\comp703fn246368\it\it\x64\debug\it.tlog\cl.items.tlog
d:\repos\comp703\comp703fn246368\it\it\x64\debug\it.tlog\cl.read.1.tlog
d:\repos\comp703\comp703fn246368\it\it\x64\debug\it.tlog\cl.write.1.tlog
d:\repos\comp703\comp703fn246368\it\it\x64\debug\it.tlog\link-cvtres.read.1.tlog
d:\repos\comp703\comp703fn246368\it\it\x64\debug\it.tlog\link-cvtres.write.1.tlog
d:\repos\comp703\comp703fn246368\it\it\x64\debug\it.tlog\link-rc.read.1.tlog
d:\repos\comp703\comp703fn246368\it\it\x64\debug\it.tlog\link-rc.write.1.tlog
d:\repos\comp703\comp703fn246368\it\it\x64\debug\it.tlog\link.command.1.tlog
d:\repos\comp703\comp703fn246368\it\it\x64\debug\it.tlog\link.read.1.tlog
d:\repos\comp703\comp703fn246368\it\it\x64\debug\it.tlog\link.read.2.tlog
d:\repos\comp703\comp703fn246368\it\it\x64\debug\it.tlog\link.write.1.tlog
